<?xml version="1.0" encoding="UTF-8" ?>
<testsuite tests="3" failures="0" name="CustomerImplemantationsTests.LoginTest" time="0.389" errors="0" skipped="0">
  <properties>
[...]
</properties>
  <testcase classname="CustomerImplemantationsTests.LoginTest" name="AuthenticationError" time="0.336"/>
  <testcase classname="CustomerImplemantationsTests.LoginTest" name="loginCriticalErrorTest" time="0.023"/>
  <testcase classname="CustomerImplemantationsTests.LoginTest" name="loginSuccessfulTest" time="0.03"/>
</testsuite>